<?xml version="1.0" encoding="UTF-8"?>
<!-- Generated by org.testng.reporters.JUnitReportReporter -->
<testsuite hostname="LAPTOP-GAUPM6CM" failures="0" tests="1" name="oct16th.MultipleWindows2" time="26.175" errors="0" timestamp="2023-10-16T19:41:07 IST" skipped="0">
  <testcase classname="oct16th.MultipleWindows2" name="multipleWindowsTest" time="26.175"/>
  <system-out/>
</testsuite> <!-- oct16th.MultipleWindows2 -->
