<?xml version="1.0" encoding="UTF-8"?>
<!-- Generated by org.testng.reporters.JUnitReportReporter -->
<testsuite hostname="LAPTOP-GAUPM6CM" failures="0" tests="1" name="oct11th.MouseHover" time="15.785" errors="0" timestamp="2023-10-11T19:59:20 IST" skipped="0">
  <testcase classname="oct11th.MouseHover" name="mouseHoverTest" time="15.785"/>
  <system-out/>
</testsuite> <!-- oct11th.MouseHover -->
