<?xml version="1.0" encoding="UTF-8"?>
<!-- Generated by org.testng.reporters.JUnitReportReporter -->
<testsuite hostname="LAPTOP-GAUPM6CM" failures="0" tests="1" name="oct16th.FrameHandling2" time="20.977" errors="0" timestamp="2023-10-16T20:10:24 IST" skipped="0">
  <testcase classname="oct16th.FrameHandling2" name="mouseHoverTest" time="20.977"/>
  <system-out/>
</testsuite> <!-- oct16th.FrameHandling2 -->
