<?xml version="1.0" encoding="UTF-8"?>
<!-- Generated by org.testng.reporters.JUnitReportReporter -->
<testsuite hostname="LAPTOP-GAUPM6CM" failures="0" tests="1" name="oct13th.MultipleWindows" time="16.333" errors="0" timestamp="2023-10-13T20:21:00 IST" skipped="0">
  <testcase classname="oct13th.MultipleWindows" name="multipleWindowsTest" time="16.333"/>
  <system-out/>
</testsuite> <!-- oct13th.MultipleWindows -->
