<?xml version="1.0" encoding="UTF-8"?>
<!-- Generated by org.testng.reporters.JUnitReportReporter -->
<testsuite hostname="LAPTOP-GAUPM6CM" failures="0" tests="1" name="oct13th.DragAndDrop" time="7.561" errors="0" timestamp="2023-10-13T19:28:21 IST" skipped="0">
  <testcase classname="oct13th.DragAndDrop" name="mouseHoverTest" time="7.561"/>
  <system-out/>
</testsuite> <!-- oct13th.DragAndDrop -->
